Removed Pin From Net: NetName=Gate Pin=R35-1
Removed Pin From Net: NetName=GND Pin=R35-2
Removed Pin From Net: NetName=NetQ1_1 Pin=R36-2
Removed Pin From Net: NetName=Gate Pin=U2-1
Removed Pin From Net: NetName=GND Pin=U2-2
Removed Pin From Net: NetName=+24V Pin=U2-5
Removed Member From Class: ClassName=MCU Member=R36
Removed Member From Class: ClassName=MCU Member=R44
Removed Member From Class: ClassName=MCU Member=U2
Change Component Comment : Designator=R34 Old Comment=1k New Comment=160R
Change component parameters: Designator = "R34" ("R34"); Footprint = "0603 Resistor"; UniqueID = "\BHVTGGQR\BHBBWURG" ("\BHVTGGQR\BHBBWURG")
Change component parameters (AddParameter): Name = "ComponentLink1Description"; Value = "Chip&Dip"; VariantName = "[No Variations]"
Change component parameters (AddParameter): Name = "ComponentLink1URL"; Value = "https://www.chipdip.ru/product/0.1w-0603-160-om-1"; VariantName = "[No Variations]"
Change component parameters (AddParameter): Name = "Manufacturer"; Value = "Taiwan"; VariantName = "[No Variations]"
Change component parameters (AddParameter): Name = "Part Number"; Value = "RC0603FR-07160RL"; VariantName = "[No Variations]"
Change component parameters (AddParameter): Name = "Type"; Value = "Resistor"; VariantName = "[No Variations]"
Added Pin To Net: NetName=Gate Pin=R34-1
Added Pin To Net: NetName=GND Pin=R35-1
Added Pin To Net: NetName=NetQ1_1 Pin=R35-2
Added Pin To Net: NetName=Coil Pin=J2-1F
Added Pin To Net: NetName=Coil Pin=Q1-2
Added Pin To Net: NetName=Coil Pin=R37-2
Added Net: Name=Coil
Added Pin To Net: NetName=NetR37_1 Pin=R37-1
Added Pin To Net: NetName=NetR37_1 Pin=R38-2
Added Net: Name=NetR37_1
Added Room: Name=ADC_1
Added Room: Name=ADC_2
Added Room: Name=ADC_3
Added Room: Name=ADC_4
Added Room: Name=Bus
Added Room: Name=Main
Added Room: Name=MCU
