Removed Pin From Net: NetName=+24V Pin=Q3_5-3
Removed Pin From Net: NetName=+24V Pin=R20_5-2
Removed Pin From Net: NetName=GND Pin=R22_5-1
Removed Pin From Net: NetName=GND Pin=R23_5-1
Removed Pin From Net: NetName=GND Pin=R24_5-1
Removed Member From Class: ClassName=DO[1..5] Member=DO5
Removed Member From Class: ClassName=Gate[1..5] Member=Gate5
Added Pin To Net: NetName=+5V Pin=J2-3L
Change Class Name : Old Net Name=DO[1..5] New Net Name=DO[1..4]
Change Class Name : Old Net Name=Gate[1..5] New Net Name=Gate[1..4]
Added Room: Name=ADC
Added Room: Name=BUS1
Added Room: Name=CAN1
Added Room: Name=CAN2
Added Room: Name=DI1
Added Room: Name=DI2
Added Room: Name=DI3
Added Room: Name=DI4
Added Room: Name=DO1
Added Room: Name=DO2
Added Room: Name=DO3
Added Room: Name=DO4
Added Room: Name=Flash
Added Room: Name=Main
Added Room: Name=MCU
